[ 2018-06-02T09:14:24+08:00 ] 127.0.0.1 /index.php/admin/login/index.html
INFO: [ app_init ] --START--
INFO: Run Behavior\BuildLiteBehavior [ RunTime:0.000013s ]
INFO: [ app_init ] --END-- [ RunTime:0.000688s ]
INFO: [ app_begin ] --START--
INFO: Run Behavior\ReadHtmlCacheBehavior [ RunTime:0.001327s ]
INFO: [ app_begin ] --END-- [ RunTime:0.001394s ]
INFO: [ view_parse ] --START--
INFO: [ template_filter ] --START--
INFO: Run Behavior\ContentReplaceBehavior [ RunTime:0.000063s ]
INFO: [ template_filter ] --END-- [ RunTime:0.000110s ]
INFO: Run Behavior\ParseTemplateBehavior [ RunTime:0.087014s ]
INFO: [ view_parse ] --END-- [ RunTime:0.087072s ]
INFO: [ view_filter ] --START--
INFO: Run Behavior\WriteHtmlCacheBehavior [ RunTime:0.000461s ]
INFO: [ view_filter ] --END-- [ RunTime:0.000491s ]
INFO: [ app_end ] --START--
INFO: Run Behavior\ShowPageTraceBehavior [ RunTime:0.000674s ]
INFO: [ app_end ] --END-- [ RunTime:0.000708s ]

[ 2018-06-02T09:14:36+08:00 ] 127.0.0.1 /index.php/admin/login/login
INFO: [ app_init ] --START--
INFO: Run Behavior\BuildLiteBehavior [ RunTime:0.000012s ]
INFO: [ app_init ] --END-- [ RunTime:0.000685s ]
INFO: [ app_begin ] --START--
INFO: Run Behavior\ReadHtmlCacheBehavior [ RunTime:0.000708s ]
INFO: [ app_begin ] --END-- [ RunTime:0.000747s ]
SQL: SHOW COLUMNS FROM `admin_user` [ RunTime:0.0725s ]
SQL: SELECT * FROM `admin_user` WHERE `user_name` = 'yang3472' AND `password` = 'e10adc3949ba59abbe56e057f20f883e' LIMIT 1   [ RunTime:0.0005s ]
SQL: UPDATE `admin_user` SET `last_login_time`='2018-06-02 09:14:36' WHERE `id` = 3 [ RunTime:0.0007s ]

[ 2018-06-02T09:14:36+08:00 ] 127.0.0.1 /index.php/admin/leaveword/index
INFO: [ app_init ] --START--
INFO: Run Behavior\BuildLiteBehavior [ RunTime:0.000015s ]
INFO: [ app_init ] --END-- [ RunTime:0.000634s ]
INFO: [ app_begin ] --START--
INFO: Run Behavior\ReadHtmlCacheBehavior [ RunTime:0.001316s ]
INFO: [ app_begin ] --END-- [ RunTime:0.001384s ]
SQL: SHOW COLUMNS FROM `leaveword` [ RunTime:0.1319s ]
SQL: SHOW COLUMNS FROM `leaveword` [ RunTime:0.0074s ]
SQL: SELECT COUNT(*) AS tp_count FROM `leaveword` LIMIT 1   [ RunTime:0.0004s ]
SQL: SELECT * FROM `leaveword` ORDER BY `create_time` desc LIMIT 0,10   [ RunTime:0.0006s ]
INFO: [ view_parse ] --START--
INFO: [ template_filter ] --START--
INFO: Run Behavior\ContentReplaceBehavior [ RunTime:0.000110s ]
INFO: [ template_filter ] --END-- [ RunTime:0.000156s ]
NOTIC: [8] Undefined index: status D:\phpStudy\WWW\www.baoquan.com\Application\Runtime\Cache\Admin\ade32f5b2f567fd29311a1cdf4ca18ec.php 第 157 行.
NOTIC: [8] Undefined index: status D:\phpStudy\WWW\www.baoquan.com\Application\Runtime\Cache\Admin\ade32f5b2f567fd29311a1cdf4ca18ec.php 第 158 行.
NOTIC: [8] Undefined index: status D:\phpStudy\WWW\www.baoquan.com\Application\Runtime\Cache\Admin\ade32f5b2f567fd29311a1cdf4ca18ec.php 第 159 行.
NOTIC: [8] Undefined index: start_time D:\phpStudy\WWW\www.baoquan.com\Application\Runtime\Cache\Admin\ade32f5b2f567fd29311a1cdf4ca18ec.php 第 162 行.
NOTIC: [8] Undefined index: end_time D:\phpStudy\WWW\www.baoquan.com\Application\Runtime\Cache\Admin\ade32f5b2f567fd29311a1cdf4ca18ec.php 第 166 行.
INFO: Run Behavior\ParseTemplateBehavior [ RunTime:0.039784s ]
INFO: [ view_parse ] --END-- [ RunTime:0.039828s ]
INFO: [ view_filter ] --START--
INFO: Run Behavior\WriteHtmlCacheBehavior [ RunTime:0.000656s ]
INFO: [ view_filter ] --END-- [ RunTime:0.000692s ]
INFO: [ app_end ] --START--
INFO: Run Behavior\ShowPageTraceBehavior [ RunTime:0.000939s ]
INFO: [ app_end ] --END-- [ RunTime:0.000996s ]

[ 2018-06-02T09:14:41+08:00 ] 127.0.0.1 /index.php/admin/news/index.html
INFO: [ app_init ] --START--
INFO: Run Behavior\BuildLiteBehavior [ RunTime:0.000010s ]
INFO: [ app_init ] --END-- [ RunTime:0.000470s ]
INFO: [ app_begin ] --START--
INFO: Run Behavior\ReadHtmlCacheBehavior [ RunTime:0.000770s ]
INFO: [ app_begin ] --END-- [ RunTime:0.000816s ]
SQL: SHOW COLUMNS FROM `news` [ RunTime:0.0321s ]
SQL: SHOW COLUMNS FROM `news` [ RunTime:0.0073s ]
SQL: SELECT COUNT(*) AS tp_count FROM `news` LIMIT 1   [ RunTime:0.0003s ]
SQL: SELECT * FROM `news` ORDER BY `create_time` desc LIMIT 0,10   [ RunTime:0.0005s ]
INFO: [ view_parse ] --START--
INFO: [ template_filter ] --START--
INFO: Run Behavior\ContentReplaceBehavior [ RunTime:0.000088s ]
INFO: [ template_filter ] --END-- [ RunTime:0.000127s ]
NOTIC: [8] Undefined index: start_time D:\phpStudy\WWW\www.baoquan.com\Application\Runtime\Cache\Admin\36087655c6ab8580337cdc45b35a926d.php 第 157 行.
NOTIC: [8] Undefined index: end_time D:\phpStudy\WWW\www.baoquan.com\Application\Runtime\Cache\Admin\36087655c6ab8580337cdc45b35a926d.php 第 161 行.
INFO: Run Behavior\ParseTemplateBehavior [ RunTime:0.022206s ]
INFO: [ view_parse ] --END-- [ RunTime:0.022265s ]
INFO: [ view_filter ] --START--
INFO: Run Behavior\WriteHtmlCacheBehavior [ RunTime:0.000970s ]
INFO: [ view_filter ] --END-- [ RunTime:0.001112s ]
INFO: [ app_end ] --START--
INFO: Run Behavior\ShowPageTraceBehavior [ RunTime:0.001332s ]
INFO: [ app_end ] --END-- [ RunTime:0.001382s ]

[ 2018-06-02T09:15:06+08:00 ] 127.0.0.1 /index.php/admin/news/index.html
INFO: [ app_init ] --START--
INFO: Run Behavior\BuildLiteBehavior [ RunTime:0.000017s ]
INFO: [ app_init ] --END-- [ RunTime:0.000864s ]
INFO: [ app_begin ] --START--
INFO: Run Behavior\ReadHtmlCacheBehavior [ RunTime:0.000822s ]
INFO: [ app_begin ] --END-- [ RunTime:0.000879s ]
SQL: SHOW COLUMNS FROM `news` [ RunTime:0.0903s ]
SQL: SHOW COLUMNS FROM `news` [ RunTime:0.0686s ]
SQL: SELECT COUNT(*) AS tp_count FROM `news` LIMIT 1   [ RunTime:0.0003s ]
SQL: SELECT * FROM `news` ORDER BY `create_time` desc LIMIT 0,10   [ RunTime:0.0004s ]
INFO: [ view_parse ] --START--
INFO: [ template_filter ] --START--
INFO: Run Behavior\ContentReplaceBehavior [ RunTime:0.000116s ]
INFO: [ template_filter ] --END-- [ RunTime:0.000164s ]
NOTIC: [8] Undefined index: start_time D:\phpStudy\WWW\www.baoquan.com\Application\Runtime\Cache\Admin\36087655c6ab8580337cdc45b35a926d.php 第 157 行.
NOTIC: [8] Undefined index: end_time D:\phpStudy\WWW\www.baoquan.com\Application\Runtime\Cache\Admin\36087655c6ab8580337cdc45b35a926d.php 第 161 行.
INFO: Run Behavior\ParseTemplateBehavior [ RunTime:0.012278s ]
INFO: [ view_parse ] --END-- [ RunTime:0.012325s ]
INFO: [ view_filter ] --START--
INFO: Run Behavior\WriteHtmlCacheBehavior [ RunTime:0.000546s ]
INFO: [ view_filter ] --END-- [ RunTime:0.000581s ]
INFO: [ app_end ] --START--
INFO: Run Behavior\ShowPageTraceBehavior [ RunTime:0.000803s ]
INFO: [ app_end ] --END-- [ RunTime:0.000847s ]

[ 2018-06-02T09:15:33+08:00 ] 127.0.0.1 /index.php/admin/news/index.html
INFO: [ app_init ] --START--
INFO: Run Behavior\BuildLiteBehavior [ RunTime:0.000015s ]
INFO: [ app_init ] --END-- [ RunTime:0.000672s ]
INFO: [ app_begin ] --START--
INFO: Run Behavior\ReadHtmlCacheBehavior [ RunTime:0.000892s ]
INFO: [ app_begin ] --END-- [ RunTime:0.000954s ]
SQL: SHOW COLUMNS FROM `news` [ RunTime:0.0070s ]
SQL: SHOW COLUMNS FROM `news` [ RunTime:0.0091s ]
SQL: SELECT COUNT(*) AS tp_count FROM `news` LIMIT 1   [ RunTime:0.0003s ]
SQL: SELECT * FROM `news` ORDER BY `create_time` desc LIMIT 0,10   [ RunTime:0.0005s ]
INFO: [ view_parse ] --START--
INFO: [ template_filter ] --START--
INFO: Run Behavior\ContentReplaceBehavior [ RunTime:0.000131s ]
INFO: [ template_filter ] --END-- [ RunTime:0.000196s ]
NOTIC: [8] Undefined index: start_time D:\phpStudy\WWW\www.baoquan.com\Application\Runtime\Cache\Admin\36087655c6ab8580337cdc45b35a926d.php 第 157 行.
NOTIC: [8] Undefined index: end_time D:\phpStudy\WWW\www.baoquan.com\Application\Runtime\Cache\Admin\36087655c6ab8580337cdc45b35a926d.php 第 161 行.
INFO: Run Behavior\ParseTemplateBehavior [ RunTime:0.015395s ]
INFO: [ view_parse ] --END-- [ RunTime:0.015450s ]
INFO: [ view_filter ] --START--
INFO: Run Behavior\WriteHtmlCacheBehavior [ RunTime:0.000616s ]
INFO: [ view_filter ] --END-- [ RunTime:0.000661s ]
INFO: [ app_end ] --START--
INFO: Run Behavior\ShowPageTraceBehavior [ RunTime:0.000904s ]
INFO: [ app_end ] --END-- [ RunTime:0.000948s ]

[ 2018-06-02T09:16:25+08:00 ] 127.0.0.1 /index.php/admin/news/index.html
INFO: [ app_init ] --START--
INFO: Run Behavior\BuildLiteBehavior [ RunTime:0.000024s ]
INFO: [ app_init ] --END-- [ RunTime:0.000814s ]
INFO: [ app_begin ] --START--
INFO: Run Behavior\ReadHtmlCacheBehavior [ RunTime:0.000788s ]
INFO: [ app_begin ] --END-- [ RunTime:0.000836s ]
SQL: SHOW COLUMNS FROM `news` [ RunTime:0.0103s ]
SQL: SHOW COLUMNS FROM `news` [ RunTime:0.1329s ]
SQL: SELECT COUNT(*) AS tp_count FROM `news` LIMIT 1   [ RunTime:0.0006s ]
SQL: SELECT * FROM `news` ORDER BY `create_time` desc LIMIT 0,10   [ RunTime:0.0008s ]
INFO: [ view_parse ] --START--
INFO: [ template_filter ] --START--
INFO: Run Behavior\ContentReplaceBehavior [ RunTime:0.000252s ]
INFO: [ template_filter ] --END-- [ RunTime:0.000367s ]
NOTIC: [8] Undefined index: start_time D:\phpStudy\WWW\www.baoquan.com\Application\Runtime\Cache\Admin\36087655c6ab8580337cdc45b35a926d.php 第 157 行.
NOTIC: [8] Undefined index: end_time D:\phpStudy\WWW\www.baoquan.com\Application\Runtime\Cache\Admin\36087655c6ab8580337cdc45b35a926d.php 第 161 行.
INFO: Run Behavior\ParseTemplateBehavior [ RunTime:0.030155s ]
INFO: [ view_parse ] --END-- [ RunTime:0.030245s ]
INFO: [ view_filter ] --START--
INFO: Run Behavior\WriteHtmlCacheBehavior [ RunTime:0.001401s ]
INFO: [ view_filter ] --END-- [ RunTime:0.001474s ]
INFO: [ app_end ] --START--
INFO: Run Behavior\ShowPageTraceBehavior [ RunTime:0.002165s ]
INFO: [ app_end ] --END-- [ RunTime:0.002258s ]

[ 2018-06-02T09:17:00+08:00 ] 127.0.0.1 /index.php/admin/news/index.html
INFO: [ app_init ] --START--
INFO: Run Behavior\BuildLiteBehavior [ RunTime:0.000013s ]
INFO: [ app_init ] --END-- [ RunTime:0.000727s ]
INFO: [ app_begin ] --START--
INFO: Run Behavior\ReadHtmlCacheBehavior [ RunTime:0.000739s ]
INFO: [ app_begin ] --END-- [ RunTime:0.000788s ]
SQL: SHOW COLUMNS FROM `news` [ RunTime:0.0073s ]
SQL: SHOW COLUMNS FROM `news` [ RunTime:0.0085s ]
SQL: SELECT COUNT(*) AS tp_count FROM `news` LIMIT 1   [ RunTime:0.0003s ]
SQL: SELECT * FROM `news` ORDER BY `create_time` desc LIMIT 0,10   [ RunTime:0.0005s ]
INFO: [ view_parse ] --START--
INFO: [ template_filter ] --START--
INFO: Run Behavior\ContentReplaceBehavior [ RunTime:0.000208s ]
INFO: [ template_filter ] --END-- [ RunTime:0.000333s ]
NOTIC: [8] Undefined index: start_time D:\phpStudy\WWW\www.baoquan.com\Application\Runtime\Cache\Admin\36087655c6ab8580337cdc45b35a926d.php 第 157 行.
NOTIC: [8] Undefined index: end_time D:\phpStudy\WWW\www.baoquan.com\Application\Runtime\Cache\Admin\36087655c6ab8580337cdc45b35a926d.php 第 161 行.
INFO: Run Behavior\ParseTemplateBehavior [ RunTime:0.016630s ]
INFO: [ view_parse ] --END-- [ RunTime:0.016688s ]
INFO: [ view_filter ] --START--
INFO: Run Behavior\WriteHtmlCacheBehavior [ RunTime:0.000910s ]
INFO: [ view_filter ] --END-- [ RunTime:0.000964s ]
INFO: [ app_end ] --START--
INFO: Run Behavior\ShowPageTraceBehavior [ RunTime:0.001263s ]
INFO: [ app_end ] --END-- [ RunTime:0.001321s ]

[ 2018-06-02T09:17:08+08:00 ] 127.0.0.1 /index.php/admin/news/index.html
INFO: [ app_init ] --START--
INFO: Run Behavior\BuildLiteBehavior [ RunTime:0.000011s ]
INFO: [ app_init ] --END-- [ RunTime:0.000482s ]
INFO: [ app_begin ] --START--
INFO: Run Behavior\ReadHtmlCacheBehavior [ RunTime:0.000578s ]
INFO: [ app_begin ] --END-- [ RunTime:0.000620s ]
SQL: SHOW COLUMNS FROM `news` [ RunTime:0.0082s ]
SQL: SHOW COLUMNS FROM `news` [ RunTime:0.0086s ]
SQL: SELECT COUNT(*) AS tp_count FROM `news` LIMIT 1   [ RunTime:0.0004s ]
SQL: SELECT * FROM `news` ORDER BY `create_time` desc LIMIT 0,10   [ RunTime:0.0015s ]
INFO: [ view_parse ] --START--
INFO: [ template_filter ] --START--
INFO: Run Behavior\ContentReplaceBehavior [ RunTime:0.000091s ]
INFO: [ template_filter ] --END-- [ RunTime:0.000136s ]
NOTIC: [8] Undefined index: start_time D:\phpStudy\WWW\www.baoquan.com\Application\Runtime\Cache\Admin\36087655c6ab8580337cdc45b35a926d.php 第 157 行.
NOTIC: [8] Undefined index: end_time D:\phpStudy\WWW\www.baoquan.com\Application\Runtime\Cache\Admin\36087655c6ab8580337cdc45b35a926d.php 第 161 行.
INFO: Run Behavior\ParseTemplateBehavior [ RunTime:0.015326s ]
INFO: [ view_parse ] --END-- [ RunTime:0.015557s ]
INFO: [ view_filter ] --START--
INFO: Run Behavior\WriteHtmlCacheBehavior [ RunTime:0.001943s ]
INFO: [ view_filter ] --END-- [ RunTime:0.002037s ]
INFO: [ app_end ] --START--
INFO: Run Behavior\ShowPageTraceBehavior [ RunTime:0.001050s ]
INFO: [ app_end ] --END-- [ RunTime:0.001108s ]

[ 2018-06-02T09:18:34+08:00 ] 127.0.0.1 /index.php/admin/adver/index.html
INFO: [ app_init ] --START--
INFO: Run Behavior\BuildLiteBehavior [ RunTime:0.000017s ]
INFO: [ app_init ] --END-- [ RunTime:0.000704s ]
INFO: [ app_begin ] --START--
INFO: Run Behavior\ReadHtmlCacheBehavior [ RunTime:0.000919s ]
INFO: [ app_begin ] --END-- [ RunTime:0.000972s ]
SQL: SHOW COLUMNS FROM `adver` [ RunTime:0.1345s ]
SQL: SHOW COLUMNS FROM `adver` [ RunTime:0.0659s ]
SQL: SELECT COUNT(*) AS tp_count FROM `adver` LIMIT 1   [ RunTime:0.0003s ]
SQL: SELECT * FROM `adver` ORDER BY `order_sort` asc,`create_time` desc LIMIT 0,10   [ RunTime:0.0005s ]
INFO: [ view_parse ] --START--
INFO: [ template_filter ] --START--
INFO: Run Behavior\ContentReplaceBehavior [ RunTime:0.000116s ]
INFO: [ template_filter ] --END-- [ RunTime:0.000162s ]
NOTIC: [8] Undefined index: position D:\phpStudy\WWW\www.baoquan.com\Application\Runtime\Cache\Admin\f43c7fd6f9d65b984ba2530eb6d3f44b.php 第 158 行.
NOTIC: [8] Undefined index: position D:\phpStudy\WWW\www.baoquan.com\Application\Runtime\Cache\Admin\f43c7fd6f9d65b984ba2530eb6d3f44b.php 第 158 行.
NOTIC: [8] Undefined index: position D:\phpStudy\WWW\www.baoquan.com\Application\Runtime\Cache\Admin\f43c7fd6f9d65b984ba2530eb6d3f44b.php 第 158 行.
NOTIC: [8] Undefined index: start_time D:\phpStudy\WWW\www.baoquan.com\Application\Runtime\Cache\Admin\f43c7fd6f9d65b984ba2530eb6d3f44b.php 第 161 行.
NOTIC: [8] Undefined index: end_time D:\phpStudy\WWW\www.baoquan.com\Application\Runtime\Cache\Admin\f43c7fd6f9d65b984ba2530eb6d3f44b.php 第 165 行.
NOTIC: [8] Use of undefined constant id - assumed 'id' D:\phpStudy\WWW\www.baoquan.com\Application\Runtime\Cache\Admin\f43c7fd6f9d65b984ba2530eb6d3f44b.php 第 185 行.
NOTIC: [8] Use of undefined constant id - assumed 'id' D:\phpStudy\WWW\www.baoquan.com\Application\Runtime\Cache\Admin\f43c7fd6f9d65b984ba2530eb6d3f44b.php 第 185 行.
NOTIC: [8] Use of undefined constant id - assumed 'id' D:\phpStudy\WWW\www.baoquan.com\Application\Runtime\Cache\Admin\f43c7fd6f9d65b984ba2530eb6d3f44b.php 第 185 行.
NOTIC: [8] Use of undefined constant id - assumed 'id' D:\phpStudy\WWW\www.baoquan.com\Application\Runtime\Cache\Admin\f43c7fd6f9d65b984ba2530eb6d3f44b.php 第 185 行.
NOTIC: [8] Use of undefined constant id - assumed 'id' D:\phpStudy\WWW\www.baoquan.com\Application\Runtime\Cache\Admin\f43c7fd6f9d65b984ba2530eb6d3f44b.php 第 185 行.
NOTIC: [8] Use of undefined constant id - assumed 'id' D:\phpStudy\WWW\www.baoquan.com\Application\Runtime\Cache\Admin\f43c7fd6f9d65b984ba2530eb6d3f44b.php 第 185 行.
NOTIC: [8] Use of undefined constant id - assumed 'id' D:\phpStudy\WWW\www.baoquan.com\Application\Runtime\Cache\Admin\f43c7fd6f9d65b984ba2530eb6d3f44b.php 第 185 行.
NOTIC: [8] Use of undefined constant id - assumed 'id' D:\phpStudy\WWW\www.baoquan.com\Application\Runtime\Cache\Admin\f43c7fd6f9d65b984ba2530eb6d3f44b.php 第 185 行.
NOTIC: [8] Use of undefined constant id - assumed 'id' D:\phpStudy\WWW\www.baoquan.com\Application\Runtime\Cache\Admin\f43c7fd6f9d65b984ba2530eb6d3f44b.php 第 185 行.
INFO: Run Behavior\ParseTemplateBehavior [ RunTime:0.045589s ]
INFO: [ view_parse ] --END-- [ RunTime:0.045645s ]
INFO: [ view_filter ] --START--
INFO: Run Behavior\WriteHtmlCacheBehavior [ RunTime:0.000655s ]
INFO: [ view_filter ] --END-- [ RunTime:0.000689s ]
INFO: [ app_end ] --START--
INFO: Run Behavior\ShowPageTraceBehavior [ RunTime:0.000830s ]
INFO: [ app_end ] --END-- [ RunTime:0.000885s ]

[ 2018-06-02T10:40:17+08:00 ] 127.0.0.1 /index.php/admin/user/index.html
INFO: [ app_init ] --START--
INFO: Run Behavior\BuildLiteBehavior [ RunTime:0.000012s ]
INFO: [ app_init ] --END-- [ RunTime:0.000676s ]
INFO: [ app_begin ] --START--
INFO: Run Behavior\ReadHtmlCacheBehavior [ RunTime:0.001070s ]
INFO: [ app_begin ] --END-- [ RunTime:0.001140s ]
SQL: SHOW COLUMNS FROM `admin_user` [ RunTime:0.0528s ]
SQL: SHOW COLUMNS FROM `admin_user` [ RunTime:0.0429s ]
SQL: SELECT COUNT(*) AS tp_count FROM `admin_user` LIMIT 1   [ RunTime:0.0003s ]
SQL: SELECT * FROM `admin_user` ORDER BY `create_time` desc LIMIT 0,10   [ RunTime:0.0008s ]
INFO: [ view_parse ] --START--
INFO: [ template_filter ] --START--
INFO: Run Behavior\ContentReplaceBehavior [ RunTime:0.000113s ]
INFO: [ template_filter ] --END-- [ RunTime:0.000165s ]
INFO: Run Behavior\ParseTemplateBehavior [ RunTime:0.102168s ]
INFO: [ view_parse ] --END-- [ RunTime:0.102253s ]
INFO: [ view_filter ] --START--
INFO: Run Behavior\WriteHtmlCacheBehavior [ RunTime:0.000903s ]
INFO: [ view_filter ] --END-- [ RunTime:0.000961s ]
INFO: [ app_end ] --START--
INFO: Run Behavior\ShowPageTraceBehavior [ RunTime:0.001330s ]
INFO: [ app_end ] --END-- [ RunTime:0.001399s ]

[ 2018-06-02T10:40:50+08:00 ] 127.0.0.1 /index.php/admin/user/editInfo.html?id=3
INFO: [ app_init ] --START--
INFO: Run Behavior\BuildLiteBehavior [ RunTime:0.000017s ]
INFO: [ app_init ] --END-- [ RunTime:0.000821s ]
INFO: [ app_begin ] --START--
INFO: Run Behavior\ReadHtmlCacheBehavior [ RunTime:0.000701s ]
INFO: [ app_begin ] --END-- [ RunTime:0.000745s ]
SQL: SHOW COLUMNS FROM `admin_user` [ RunTime:0.0109s ]
SQL: SHOW COLUMNS FROM `admin_user` [ RunTime:0.0108s ]
SQL: SELECT * FROM `admin_user` WHERE `id` = 3 LIMIT 1   [ RunTime:0.0006s ]
INFO: [ view_parse ] --START--
INFO: [ template_filter ] --START--
INFO: Run Behavior\ContentReplaceBehavior [ RunTime:0.000099s ]
INFO: [ template_filter ] --END-- [ RunTime:0.000144s ]
INFO: Run Behavior\ParseTemplateBehavior [ RunTime:0.081651s ]
INFO: [ view_parse ] --END-- [ RunTime:0.081710s ]
INFO: [ view_filter ] --START--
INFO: Run Behavior\WriteHtmlCacheBehavior [ RunTime:0.000541s ]
INFO: [ view_filter ] --END-- [ RunTime:0.000575s ]
INFO: [ app_end ] --START--
INFO: Run Behavior\ShowPageTraceBehavior [ RunTime:0.000750s ]
INFO: [ app_end ] --END-- [ RunTime:0.000788s ]

[ 2018-06-02T15:28:45+08:00 ] 127.0.0.1 /index.php/admin/product/edit?id=2
INFO: [ app_init ] --START--
INFO: Run Behavior\BuildLiteBehavior [ RunTime:0.000010s ]
INFO: [ app_init ] --END-- [ RunTime:0.000551s ]
INFO: [ app_begin ] --START--
INFO: Run Behavior\ReadHtmlCacheBehavior [ RunTime:0.000801s ]
INFO: [ app_begin ] --END-- [ RunTime:0.001011s ]

[ 2018-06-02T15:28:45+08:00 ] 127.0.0.1 /index.php/admin/login/index.html
INFO: [ app_init ] --START--
INFO: Run Behavior\BuildLiteBehavior [ RunTime:0.000013s ]
INFO: [ app_init ] --END-- [ RunTime:0.000646s ]
INFO: [ app_begin ] --START--
INFO: Run Behavior\ReadHtmlCacheBehavior [ RunTime:0.000777s ]
INFO: [ app_begin ] --END-- [ RunTime:0.000835s ]
INFO: [ view_parse ] --START--
INFO: [ template_filter ] --START--
INFO: Run Behavior\ContentReplaceBehavior [ RunTime:0.000098s ]
INFO: [ template_filter ] --END-- [ RunTime:0.000161s ]
INFO: Run Behavior\ParseTemplateBehavior [ RunTime:0.018614s ]
INFO: [ view_parse ] --END-- [ RunTime:0.018666s ]
INFO: [ view_filter ] --START--
INFO: Run Behavior\WriteHtmlCacheBehavior [ RunTime:0.000812s ]
INFO: [ view_filter ] --END-- [ RunTime:0.000861s ]
INFO: [ app_end ] --START--
INFO: Run Behavior\ShowPageTraceBehavior [ RunTime:0.000959s ]
INFO: [ app_end ] --END-- [ RunTime:0.001007s ]

